<?xml version="1.0" encoding="UTF-8"?>
<!-- Generated by org.testng.reporters.JUnitReportReporter -->
<testsuite hostname="BhavikThaker" failures="0" tests="4" name="com.etsy.qa.tests.JewelleryPageTest" time="41.260" errors="0" timestamp="2023-02-15T09:26:07 EST" skipped="0">
  <testcase classname="com.etsy.qa.tests.JewelleryPageTest" name="verifyTitleTest" time="9.513"/>
  <system-out/>
  <testcase classname="com.etsy.qa.tests.JewelleryPageTest" name="JValidateLogoTest" time="10.395"/>
  <system-out/>
  <testcase classname="com.etsy.qa.tests.JewelleryPageTest" name="sortinbytest" time="9.466"/>
  <system-out/>
  <testcase classname="com.etsy.qa.tests.JewelleryPageTest" name="Filterbytest" time="11.886"/>
  <system-out/>
</testsuite> <!-- com.etsy.qa.tests.JewelleryPageTest -->
