<?xml version="1.0" encoding="UTF-8"?>
<!-- Generated by org.testng.reporters.JUnitReportReporter -->
<testsuite hostname="BhavikThaker" failures="0" tests="3" name="com.etsy.qa.tests.SignInTest" time="15.410" errors="0" timestamp="2023-02-15T09:26:07 EST" skipped="0">
  <testcase classname="com.etsy.qa.tests.SignInTest" name="ClickOnSignInTest" time="3.851"/>
  <system-out/>
  <testcase classname="com.etsy.qa.tests.SignInTest" name="SignInTest1" time="4.425"/>
  <system-out/>
  <testcase classname="com.etsy.qa.tests.SignInTest" name="ClickOnRegistrationTest" time="7.134"/>
  <system-out/>
</testsuite> <!-- com.etsy.qa.tests.SignInTest -->
