<?xml version="1.0" encoding="UTF-8"?>
<!-- Generated by org.testng.reporters.JUnitReportReporter -->
<testsuite hostname="BhavikThaker" failures="0" tests="3" name="com.etsy.qa.tests.RegistrationTest" time="25.613" errors="0" timestamp="2023-02-15T09:26:07 EST" skipped="0">
  <testcase classname="com.etsy.qa.tests.RegistrationTest" name="verifycreatenewregistration" time="8.813"/>
  <system-out/>
  <testcase classname="com.etsy.qa.tests.RegistrationTest" name="verifycreatenewregistration" time="8.166"/>
  <system-out/>
  <testcase classname="com.etsy.qa.tests.RegistrationTest" name="verifycreatenewregistration" time="8.634"/>
  <system-out/>
</testsuite> <!-- com.etsy.qa.tests.RegistrationTest -->
