<?xml version="1.0" encoding="UTF-8"?>
<!-- Generated by org.testng.reporters.JUnitReportReporter -->
<testsuite hostname="BhavikThaker" failures="0" tests="4" name="com.etsy.qa.tests.ClothingPageTest" time="43.121" errors="0" timestamp="2023-02-15T09:26:07 EST" skipped="0">
  <testcase classname="com.etsy.qa.tests.ClothingPageTest" name="verifyTitleTest" time="9.397"/>
  <system-out/>
  <testcase classname="com.etsy.qa.tests.ClothingPageTest" name="ClothValidateLogoTest" time="9.445"/>
  <system-out/>
  <testcase classname="com.etsy.qa.tests.ClothingPageTest" name="sortinbytest" time="12.509"/>
  <system-out/>
  <testcase classname="com.etsy.qa.tests.ClothingPageTest" name="Filterbytest" time="11.770"/>
  <system-out/>
</testsuite> <!-- com.etsy.qa.tests.ClothingPageTest -->
