<?xml version="1.0" encoding="UTF-8"?>
<!-- Generated by org.testng.reporters.JUnitReportReporter -->
<testsuite hostname="BhavikThaker" failures="0" tests="5" name="com.etsy.qa.tests.HomePageTests" time="39.095" errors="0" timestamp="2023-02-15T09:26:07 EST" skipped="0">
  <testcase classname="com.etsy.qa.tests.HomePageTests" name="verifyTitleTest" time="4.425"/>
  <system-out/>
  <testcase classname="com.etsy.qa.tests.HomePageTests" name="ClickOnJewelleryLinkTest" time="11.786"/>
  <system-out/>
  <testcase classname="com.etsy.qa.tests.HomePageTests" name="ClickOnClothinglinkTest" time="11.167"/>
  <system-out/>
  <testcase classname="com.etsy.qa.tests.HomePageTests" name="CValidateLogoTest" time="4.414"/>
  <system-out/>
  <testcase classname="com.etsy.qa.tests.HomePageTests" name="CValidateUsernameTest" time="7.303"/>
  <system-out/>
</testsuite> <!-- com.etsy.qa.tests.HomePageTests -->
