<?xml version="1.0" encoding="UTF-8"?>
<!-- Generated by org.testng.reporters.JUnitReportReporter -->
<testsuite hostname="BhavikThaker" failures="0" tests="3" name="com.etsy.qa.tests.SignInTest" time="11.350" errors="0" timestamp="2023-02-15T11:45:14 EST" skipped="0">
  <testcase classname="com.etsy.qa.tests.SignInTest" name="ClickOnSignInTest" time="3.400"/>
  <system-out/>
  <testcase classname="com.etsy.qa.tests.SignInTest" name="SignInTest1" time="4.036"/>
  <system-out/>
  <testcase classname="com.etsy.qa.tests.SignInTest" name="ClickOnRegistrationTest" time="3.914"/>
  <system-out/>
</testsuite> <!-- com.etsy.qa.tests.SignInTest -->
