<?xml version="1.0" encoding="UTF-8"?>
<!-- Generated by org.testng.reporters.JUnitReportReporter -->
<testsuite hostname="BhavikThaker" failures="0" tests="4" name="com.etsy.qa.tests.JewelleryPageTest" time="38.824" errors="0" timestamp="2023-02-15T11:45:14 EST" skipped="0">
  <testcase classname="com.etsy.qa.tests.JewelleryPageTest" name="verifyTitleTest" time="8.664"/>
  <system-out/>
  <testcase classname="com.etsy.qa.tests.JewelleryPageTest" name="JValidateLogoTest" time="9.148"/>
  <system-out/>
  <testcase classname="com.etsy.qa.tests.JewelleryPageTest" name="sortinbytest" time="9.326"/>
  <system-out/>
  <testcase classname="com.etsy.qa.tests.JewelleryPageTest" name="Filterbytest" time="11.686"/>
  <system-out/>
</testsuite> <!-- com.etsy.qa.tests.JewelleryPageTest -->
