<?xml version="1.0" encoding="UTF-8"?>
<!-- Generated by org.testng.reporters.JUnitReportReporter -->
<testsuite hostname="BhavikThaker" failures="0" tests="4" name="com.etsy.qa.tests.ClothingPageTest" time="46.182" errors="0" timestamp="2023-02-15T11:45:14 EST" skipped="0">
  <testcase classname="com.etsy.qa.tests.ClothingPageTest" name="verifyTitleTest" time="10.945"/>
  <system-out/>
  <testcase classname="com.etsy.qa.tests.ClothingPageTest" name="ClothValidateLogoTest" time="8.656"/>
  <system-out/>
  <testcase classname="com.etsy.qa.tests.ClothingPageTest" name="sortinbytest" time="13.798"/>
  <system-out/>
  <testcase classname="com.etsy.qa.tests.ClothingPageTest" name="Filterbytest" time="12.783"/>
  <system-out/>
</testsuite> <!-- com.etsy.qa.tests.ClothingPageTest -->
