<?xml version="1.0" encoding="UTF-8"?>
<!-- Generated by org.testng.reporters.JUnitReportReporter -->
<testsuite hostname="BhavikThaker" failures="0" tests="3" name="com.etsy.qa.tests.RegistrationTest" time="23.548" errors="0" timestamp="2023-02-15T11:45:14 EST" skipped="0">
  <testcase classname="com.etsy.qa.tests.RegistrationTest" name="verifycreatenewregistration" time="7.779"/>
  <system-out/>
  <testcase classname="com.etsy.qa.tests.RegistrationTest" name="verifycreatenewregistration" time="7.575"/>
  <system-out/>
  <testcase classname="com.etsy.qa.tests.RegistrationTest" name="verifycreatenewregistration" time="8.194"/>
  <system-out/>
</testsuite> <!-- com.etsy.qa.tests.RegistrationTest -->
