<?xml version="1.0" encoding="UTF-8"?>
<!-- Generated by org.testng.reporters.JUnitReportReporter -->
<testsuite hostname="BhavikThaker" failures="0" tests="5" name="com.etsy.qa.tests.HomePageTests" time="36.352" errors="0" timestamp="2023-02-15T11:45:14 EST" skipped="0">
  <testcase classname="com.etsy.qa.tests.HomePageTests" name="verifyTitleTest" time="4.379"/>
  <system-out/>
  <testcase classname="com.etsy.qa.tests.HomePageTests" name="ClickOnJewelleryLinkTest" time="10.746"/>
  <system-out/>
  <testcase classname="com.etsy.qa.tests.HomePageTests" name="ClickOnClothinglinkTest" time="10.455"/>
  <system-out/>
  <testcase classname="com.etsy.qa.tests.HomePageTests" name="CValidateLogoTest" time="3.988"/>
  <system-out/>
  <testcase classname="com.etsy.qa.tests.HomePageTests" name="CValidateUsernameTest" time="6.784"/>
  <system-out/>
</testsuite> <!-- com.etsy.qa.tests.HomePageTests -->
